C:\Users\liang\Desktop\SDL_UI\Debug\SDL_UI.exe
C:\Users\liang\Desktop\SDL_UI\Debug\SDL_UI.ilk
C:\Users\liang\Desktop\SDL_UI\Debug\SDL_UI.pdb
C:\Users\liang\Desktop\SDL_UI\SDL_UI\Debug\cl.command.1.tlog
C:\Users\liang\Desktop\SDL_UI\SDL_UI\Debug\CL.read.1.tlog
C:\Users\liang\Desktop\SDL_UI\SDL_UI\Debug\CL.write.1.tlog
C:\USERS\LIANG\DESKTOP\SDL_UI\SDL_UI\DEBUG\CODEC.OBJ
C:\USERS\LIANG\DESKTOP\SDL_UI\SDL_UI\DEBUG\FRAME.OBJ
C:\USERS\LIANG\DESKTOP\SDL_UI\SDL_UI\DEBUG\FRAMEBUFF.OBJ
C:\Users\liang\Desktop\SDL_UI\SDL_UI\Debug\link.10440.read.1.tlog
C:\Users\liang\Desktop\SDL_UI\SDL_UI\Debug\link.10440.write.1.tlog
C:\Users\liang\Desktop\SDL_UI\SDL_UI\Debug\link.10440-cvtres.read.1.tlog
C:\Users\liang\Desktop\SDL_UI\SDL_UI\Debug\link.10440-cvtres.write.1.tlog
C:\Users\liang\Desktop\SDL_UI\SDL_UI\Debug\link.11048.read.1.tlog
C:\Users\liang\Desktop\SDL_UI\SDL_UI\Debug\link.11048.write.1.tlog
C:\Users\liang\Desktop\SDL_UI\SDL_UI\Debug\link.11048-cvtres.read.1.tlog
C:\Users\liang\Desktop\SDL_UI\SDL_UI\Debug\link.11048-cvtres.write.1.tlog
C:\Users\liang\Desktop\SDL_UI\SDL_UI\Debug\link.11280.read.1.tlog
C:\Users\liang\Desktop\SDL_UI\SDL_UI\Debug\link.11280.write.1.tlog
C:\Users\liang\Desktop\SDL_UI\SDL_UI\Debug\link.11280-cvtres.read.1.tlog
C:\Users\liang\Desktop\SDL_UI\SDL_UI\Debug\link.11280-cvtres.write.1.tlog
C:\Users\liang\Desktop\SDL_UI\SDL_UI\Debug\link.11796.read.1.tlog
C:\Users\liang\Desktop\SDL_UI\SDL_UI\Debug\link.11796.write.1.tlog
C:\Users\liang\Desktop\SDL_UI\SDL_UI\Debug\link.11796-cvtres.read.1.tlog
C:\Users\liang\Desktop\SDL_UI\SDL_UI\Debug\link.11796-cvtres.write.1.tlog
C:\Users\liang\Desktop\SDL_UI\SDL_UI\Debug\link.12312.read.1.tlog
C:\Users\liang\Desktop\SDL_UI\SDL_UI\Debug\link.12312.write.1.tlog
C:\Users\liang\Desktop\SDL_UI\SDL_UI\Debug\link.12312-cvtres.read.1.tlog
C:\Users\liang\Desktop\SDL_UI\SDL_UI\Debug\link.12312-cvtres.write.1.tlog
C:\Users\liang\Desktop\SDL_UI\SDL_UI\Debug\link.12332.read.1.tlog
C:\Users\liang\Desktop\SDL_UI\SDL_UI\Debug\link.12332.write.1.tlog
C:\Users\liang\Desktop\SDL_UI\SDL_UI\Debug\link.12332-cvtres.read.1.tlog
C:\Users\liang\Desktop\SDL_UI\SDL_UI\Debug\link.12332-cvtres.write.1.tlog
C:\Users\liang\Desktop\SDL_UI\SDL_UI\Debug\link.13116.read.1.tlog
C:\Users\liang\Desktop\SDL_UI\SDL_UI\Debug\link.13116.write.1.tlog
C:\Users\liang\Desktop\SDL_UI\SDL_UI\Debug\link.13116-cvtres.read.1.tlog
C:\Users\liang\Desktop\SDL_UI\SDL_UI\Debug\link.13116-cvtres.write.1.tlog
C:\Users\liang\Desktop\SDL_UI\SDL_UI\Debug\link.13304.read.1.tlog
C:\Users\liang\Desktop\SDL_UI\SDL_UI\Debug\link.13304.write.1.tlog
C:\Users\liang\Desktop\SDL_UI\SDL_UI\Debug\link.13304-cvtres.read.1.tlog
C:\Users\liang\Desktop\SDL_UI\SDL_UI\Debug\link.13304-cvtres.write.1.tlog
C:\Users\liang\Desktop\SDL_UI\SDL_UI\Debug\link.14144.read.1.tlog
C:\Users\liang\Desktop\SDL_UI\SDL_UI\Debug\link.14144.write.1.tlog
C:\Users\liang\Desktop\SDL_UI\SDL_UI\Debug\link.14144-cvtres.read.1.tlog
C:\Users\liang\Desktop\SDL_UI\SDL_UI\Debug\link.14144-cvtres.write.1.tlog
C:\Users\liang\Desktop\SDL_UI\SDL_UI\Debug\link.14272.read.1.tlog
C:\Users\liang\Desktop\SDL_UI\SDL_UI\Debug\link.14272.write.1.tlog
C:\Users\liang\Desktop\SDL_UI\SDL_UI\Debug\link.14272-cvtres.read.1.tlog
C:\Users\liang\Desktop\SDL_UI\SDL_UI\Debug\link.14272-cvtres.write.1.tlog
C:\Users\liang\Desktop\SDL_UI\SDL_UI\Debug\link.14472.read.1.tlog
C:\Users\liang\Desktop\SDL_UI\SDL_UI\Debug\link.14472.write.1.tlog
C:\Users\liang\Desktop\SDL_UI\SDL_UI\Debug\link.14472-cvtres.read.1.tlog
C:\Users\liang\Desktop\SDL_UI\SDL_UI\Debug\link.14472-cvtres.write.1.tlog
C:\Users\liang\Desktop\SDL_UI\SDL_UI\Debug\link.14624.read.1.tlog
C:\Users\liang\Desktop\SDL_UI\SDL_UI\Debug\link.14624.write.1.tlog
C:\Users\liang\Desktop\SDL_UI\SDL_UI\Debug\link.14624-cvtres.read.1.tlog
C:\Users\liang\Desktop\SDL_UI\SDL_UI\Debug\link.14624-cvtres.write.1.tlog
C:\Users\liang\Desktop\SDL_UI\SDL_UI\Debug\link.15588.read.1.tlog
C:\Users\liang\Desktop\SDL_UI\SDL_UI\Debug\link.15588.write.1.tlog
C:\Users\liang\Desktop\SDL_UI\SDL_UI\Debug\link.15588-cvtres.read.1.tlog
C:\Users\liang\Desktop\SDL_UI\SDL_UI\Debug\link.15588-cvtres.write.1.tlog
C:\Users\liang\Desktop\SDL_UI\SDL_UI\Debug\link.16308.read.1.tlog
C:\Users\liang\Desktop\SDL_UI\SDL_UI\Debug\link.16308.write.1.tlog
C:\Users\liang\Desktop\SDL_UI\SDL_UI\Debug\link.16308-cvtres.read.1.tlog
C:\Users\liang\Desktop\SDL_UI\SDL_UI\Debug\link.16308-cvtres.write.1.tlog
C:\Users\liang\Desktop\SDL_UI\SDL_UI\Debug\link.18156.read.1.tlog
C:\Users\liang\Desktop\SDL_UI\SDL_UI\Debug\link.18156.write.1.tlog
C:\Users\liang\Desktop\SDL_UI\SDL_UI\Debug\link.18156-cvtres.read.1.tlog
C:\Users\liang\Desktop\SDL_UI\SDL_UI\Debug\link.18156-cvtres.write.1.tlog
C:\Users\liang\Desktop\SDL_UI\SDL_UI\Debug\link.18376.read.1.tlog
C:\Users\liang\Desktop\SDL_UI\SDL_UI\Debug\link.18376.write.1.tlog
C:\Users\liang\Desktop\SDL_UI\SDL_UI\Debug\link.18376-cvtres.read.1.tlog
C:\Users\liang\Desktop\SDL_UI\SDL_UI\Debug\link.18376-cvtres.write.1.tlog
C:\Users\liang\Desktop\SDL_UI\SDL_UI\Debug\link.18428.read.1.tlog
C:\Users\liang\Desktop\SDL_UI\SDL_UI\Debug\link.18428.write.1.tlog
C:\Users\liang\Desktop\SDL_UI\SDL_UI\Debug\link.18428-cvtres.read.1.tlog
C:\Users\liang\Desktop\SDL_UI\SDL_UI\Debug\link.18428-cvtres.write.1.tlog
C:\Users\liang\Desktop\SDL_UI\SDL_UI\Debug\link.1844.read.1.tlog
C:\Users\liang\Desktop\SDL_UI\SDL_UI\Debug\link.1844.write.1.tlog
C:\Users\liang\Desktop\SDL_UI\SDL_UI\Debug\link.1844-cvtres.read.1.tlog
C:\Users\liang\Desktop\SDL_UI\SDL_UI\Debug\link.1844-cvtres.write.1.tlog
C:\Users\liang\Desktop\SDL_UI\SDL_UI\Debug\link.19328.read.1.tlog
C:\Users\liang\Desktop\SDL_UI\SDL_UI\Debug\link.19328.write.1.tlog
C:\Users\liang\Desktop\SDL_UI\SDL_UI\Debug\link.19328-cvtres.read.1.tlog
C:\Users\liang\Desktop\SDL_UI\SDL_UI\Debug\link.19328-cvtres.write.1.tlog
C:\Users\liang\Desktop\SDL_UI\SDL_UI\Debug\link.19408.read.1.tlog
C:\Users\liang\Desktop\SDL_UI\SDL_UI\Debug\link.19408.write.1.tlog
C:\Users\liang\Desktop\SDL_UI\SDL_UI\Debug\link.19408-cvtres.read.1.tlog
C:\Users\liang\Desktop\SDL_UI\SDL_UI\Debug\link.19408-cvtres.write.1.tlog
C:\Users\liang\Desktop\SDL_UI\SDL_UI\Debug\link.19964.read.1.tlog
C:\Users\liang\Desktop\SDL_UI\SDL_UI\Debug\link.19964.write.1.tlog
C:\Users\liang\Desktop\SDL_UI\SDL_UI\Debug\link.19964-cvtres.read.1.tlog
C:\Users\liang\Desktop\SDL_UI\SDL_UI\Debug\link.19964-cvtres.write.1.tlog
C:\Users\liang\Desktop\SDL_UI\SDL_UI\Debug\link.20344.read.1.tlog
C:\Users\liang\Desktop\SDL_UI\SDL_UI\Debug\link.20344.write.1.tlog
C:\Users\liang\Desktop\SDL_UI\SDL_UI\Debug\link.20344-cvtres.read.1.tlog
C:\Users\liang\Desktop\SDL_UI\SDL_UI\Debug\link.20344-cvtres.write.1.tlog
C:\Users\liang\Desktop\SDL_UI\SDL_UI\Debug\link.20748.read.1.tlog
C:\Users\liang\Desktop\SDL_UI\SDL_UI\Debug\link.20748.write.1.tlog
C:\Users\liang\Desktop\SDL_UI\SDL_UI\Debug\link.20748-cvtres.read.1.tlog
C:\Users\liang\Desktop\SDL_UI\SDL_UI\Debug\link.20748-cvtres.write.1.tlog
C:\Users\liang\Desktop\SDL_UI\SDL_UI\Debug\link.21400.read.1.tlog
C:\Users\liang\Desktop\SDL_UI\SDL_UI\Debug\link.21400.write.1.tlog
C:\Users\liang\Desktop\SDL_UI\SDL_UI\Debug\link.21400-cvtres.read.1.tlog
C:\Users\liang\Desktop\SDL_UI\SDL_UI\Debug\link.21400-cvtres.write.1.tlog
C:\Users\liang\Desktop\SDL_UI\SDL_UI\Debug\link.21436.read.1.tlog
C:\Users\liang\Desktop\SDL_UI\SDL_UI\Debug\link.21436.write.1.tlog
C:\Users\liang\Desktop\SDL_UI\SDL_UI\Debug\link.21436-cvtres.read.1.tlog
C:\Users\liang\Desktop\SDL_UI\SDL_UI\Debug\link.21436-cvtres.write.1.tlog
C:\Users\liang\Desktop\SDL_UI\SDL_UI\Debug\link.23188.read.1.tlog
C:\Users\liang\Desktop\SDL_UI\SDL_UI\Debug\link.23188.write.1.tlog
C:\Users\liang\Desktop\SDL_UI\SDL_UI\Debug\link.23188-cvtres.read.1.tlog
C:\Users\liang\Desktop\SDL_UI\SDL_UI\Debug\link.23188-cvtres.write.1.tlog
C:\Users\liang\Desktop\SDL_UI\SDL_UI\Debug\link.23252.read.1.tlog
C:\Users\liang\Desktop\SDL_UI\SDL_UI\Debug\link.23252.write.1.tlog
C:\Users\liang\Desktop\SDL_UI\SDL_UI\Debug\link.23252-cvtres.read.1.tlog
C:\Users\liang\Desktop\SDL_UI\SDL_UI\Debug\link.23252-cvtres.write.1.tlog
C:\Users\liang\Desktop\SDL_UI\SDL_UI\Debug\link.23404.read.1.tlog
C:\Users\liang\Desktop\SDL_UI\SDL_UI\Debug\link.23404.write.1.tlog
C:\Users\liang\Desktop\SDL_UI\SDL_UI\Debug\link.23404-cvtres.read.1.tlog
C:\Users\liang\Desktop\SDL_UI\SDL_UI\Debug\link.23404-cvtres.write.1.tlog
C:\Users\liang\Desktop\SDL_UI\SDL_UI\Debug\link.23624.read.1.tlog
C:\Users\liang\Desktop\SDL_UI\SDL_UI\Debug\link.23624.write.1.tlog
C:\Users\liang\Desktop\SDL_UI\SDL_UI\Debug\link.23624-cvtres.read.1.tlog
C:\Users\liang\Desktop\SDL_UI\SDL_UI\Debug\link.23624-cvtres.write.1.tlog
C:\Users\liang\Desktop\SDL_UI\SDL_UI\Debug\link.24180.read.1.tlog
C:\Users\liang\Desktop\SDL_UI\SDL_UI\Debug\link.24180.write.1.tlog
C:\Users\liang\Desktop\SDL_UI\SDL_UI\Debug\link.24180-cvtres.read.1.tlog
C:\Users\liang\Desktop\SDL_UI\SDL_UI\Debug\link.24180-cvtres.write.1.tlog
C:\Users\liang\Desktop\SDL_UI\SDL_UI\Debug\link.24868.read.1.tlog
C:\Users\liang\Desktop\SDL_UI\SDL_UI\Debug\link.24868.write.1.tlog
C:\Users\liang\Desktop\SDL_UI\SDL_UI\Debug\link.24868-cvtres.read.1.tlog
C:\Users\liang\Desktop\SDL_UI\SDL_UI\Debug\link.24868-cvtres.write.1.tlog
C:\Users\liang\Desktop\SDL_UI\SDL_UI\Debug\link.24892.read.1.tlog
C:\Users\liang\Desktop\SDL_UI\SDL_UI\Debug\link.24892.write.1.tlog
C:\Users\liang\Desktop\SDL_UI\SDL_UI\Debug\link.24892-cvtres.read.1.tlog
C:\Users\liang\Desktop\SDL_UI\SDL_UI\Debug\link.24892-cvtres.write.1.tlog
C:\Users\liang\Desktop\SDL_UI\SDL_UI\Debug\link.24956.read.1.tlog
C:\Users\liang\Desktop\SDL_UI\SDL_UI\Debug\link.24956.write.1.tlog
C:\Users\liang\Desktop\SDL_UI\SDL_UI\Debug\link.24956-cvtres.read.1.tlog
C:\Users\liang\Desktop\SDL_UI\SDL_UI\Debug\link.24956-cvtres.write.1.tlog
C:\Users\liang\Desktop\SDL_UI\SDL_UI\Debug\link.25108.read.1.tlog
C:\Users\liang\Desktop\SDL_UI\SDL_UI\Debug\link.25108.write.1.tlog
C:\Users\liang\Desktop\SDL_UI\SDL_UI\Debug\link.25108-cvtres.read.1.tlog
C:\Users\liang\Desktop\SDL_UI\SDL_UI\Debug\link.25108-cvtres.write.1.tlog
C:\Users\liang\Desktop\SDL_UI\SDL_UI\Debug\link.25232.read.1.tlog
C:\Users\liang\Desktop\SDL_UI\SDL_UI\Debug\link.25232.write.1.tlog
C:\Users\liang\Desktop\SDL_UI\SDL_UI\Debug\link.25232-cvtres.read.1.tlog
C:\Users\liang\Desktop\SDL_UI\SDL_UI\Debug\link.25232-cvtres.write.1.tlog
C:\Users\liang\Desktop\SDL_UI\SDL_UI\Debug\link.25256.read.1.tlog
C:\Users\liang\Desktop\SDL_UI\SDL_UI\Debug\link.25256.write.1.tlog
C:\Users\liang\Desktop\SDL_UI\SDL_UI\Debug\link.25256-cvtres.read.1.tlog
C:\Users\liang\Desktop\SDL_UI\SDL_UI\Debug\link.25256-cvtres.write.1.tlog
C:\Users\liang\Desktop\SDL_UI\SDL_UI\Debug\link.25364.read.1.tlog
C:\Users\liang\Desktop\SDL_UI\SDL_UI\Debug\link.25364.write.1.tlog
C:\Users\liang\Desktop\SDL_UI\SDL_UI\Debug\link.25364-cvtres.read.1.tlog
C:\Users\liang\Desktop\SDL_UI\SDL_UI\Debug\link.25364-cvtres.write.1.tlog
C:\Users\liang\Desktop\SDL_UI\SDL_UI\Debug\link.25584.read.1.tlog
C:\Users\liang\Desktop\SDL_UI\SDL_UI\Debug\link.25584.write.1.tlog
C:\Users\liang\Desktop\SDL_UI\SDL_UI\Debug\link.25584-cvtres.read.1.tlog
C:\Users\liang\Desktop\SDL_UI\SDL_UI\Debug\link.25584-cvtres.write.1.tlog
C:\Users\liang\Desktop\SDL_UI\SDL_UI\Debug\link.26232.read.1.tlog
C:\Users\liang\Desktop\SDL_UI\SDL_UI\Debug\link.26232.write.1.tlog
C:\Users\liang\Desktop\SDL_UI\SDL_UI\Debug\link.26232-cvtres.read.1.tlog
C:\Users\liang\Desktop\SDL_UI\SDL_UI\Debug\link.26232-cvtres.write.1.tlog
C:\Users\liang\Desktop\SDL_UI\SDL_UI\Debug\link.26360.read.1.tlog
C:\Users\liang\Desktop\SDL_UI\SDL_UI\Debug\link.26360.write.1.tlog
C:\Users\liang\Desktop\SDL_UI\SDL_UI\Debug\link.26360-cvtres.read.1.tlog
C:\Users\liang\Desktop\SDL_UI\SDL_UI\Debug\link.26360-cvtres.write.1.tlog
C:\Users\liang\Desktop\SDL_UI\SDL_UI\Debug\link.26856.read.1.tlog
C:\Users\liang\Desktop\SDL_UI\SDL_UI\Debug\link.26856.write.1.tlog
C:\Users\liang\Desktop\SDL_UI\SDL_UI\Debug\link.26856-cvtres.read.1.tlog
C:\Users\liang\Desktop\SDL_UI\SDL_UI\Debug\link.26856-cvtres.write.1.tlog
C:\Users\liang\Desktop\SDL_UI\SDL_UI\Debug\link.27004.read.1.tlog
C:\Users\liang\Desktop\SDL_UI\SDL_UI\Debug\link.27004.write.1.tlog
C:\Users\liang\Desktop\SDL_UI\SDL_UI\Debug\link.27004-cvtres.read.1.tlog
C:\Users\liang\Desktop\SDL_UI\SDL_UI\Debug\link.27004-cvtres.write.1.tlog
C:\Users\liang\Desktop\SDL_UI\SDL_UI\Debug\link.27104.read.1.tlog
C:\Users\liang\Desktop\SDL_UI\SDL_UI\Debug\link.27104.write.1.tlog
C:\Users\liang\Desktop\SDL_UI\SDL_UI\Debug\link.27104-cvtres.read.1.tlog
C:\Users\liang\Desktop\SDL_UI\SDL_UI\Debug\link.27104-cvtres.write.1.tlog
C:\Users\liang\Desktop\SDL_UI\SDL_UI\Debug\link.27324.read.1.tlog
C:\Users\liang\Desktop\SDL_UI\SDL_UI\Debug\link.27324.write.1.tlog
C:\Users\liang\Desktop\SDL_UI\SDL_UI\Debug\link.27324-cvtres.read.1.tlog
C:\Users\liang\Desktop\SDL_UI\SDL_UI\Debug\link.27324-cvtres.write.1.tlog
C:\Users\liang\Desktop\SDL_UI\SDL_UI\Debug\link.28136.read.1.tlog
C:\Users\liang\Desktop\SDL_UI\SDL_UI\Debug\link.28136.write.1.tlog
C:\Users\liang\Desktop\SDL_UI\SDL_UI\Debug\link.28136-cvtres.read.1.tlog
C:\Users\liang\Desktop\SDL_UI\SDL_UI\Debug\link.28136-cvtres.write.1.tlog
C:\Users\liang\Desktop\SDL_UI\SDL_UI\Debug\link.28160.read.1.tlog
C:\Users\liang\Desktop\SDL_UI\SDL_UI\Debug\link.28160.write.1.tlog
C:\Users\liang\Desktop\SDL_UI\SDL_UI\Debug\link.28160-cvtres.read.1.tlog
C:\Users\liang\Desktop\SDL_UI\SDL_UI\Debug\link.28160-cvtres.write.1.tlog
C:\Users\liang\Desktop\SDL_UI\SDL_UI\Debug\link.28184.read.1.tlog
C:\Users\liang\Desktop\SDL_UI\SDL_UI\Debug\link.28184.write.1.tlog
C:\Users\liang\Desktop\SDL_UI\SDL_UI\Debug\link.28184-cvtres.read.1.tlog
C:\Users\liang\Desktop\SDL_UI\SDL_UI\Debug\link.28184-cvtres.write.1.tlog
C:\Users\liang\Desktop\SDL_UI\SDL_UI\Debug\link.28460.read.1.tlog
C:\Users\liang\Desktop\SDL_UI\SDL_UI\Debug\link.28460.write.1.tlog
C:\Users\liang\Desktop\SDL_UI\SDL_UI\Debug\link.28460-cvtres.read.1.tlog
C:\Users\liang\Desktop\SDL_UI\SDL_UI\Debug\link.28460-cvtres.write.1.tlog
C:\Users\liang\Desktop\SDL_UI\SDL_UI\Debug\link.28568.read.1.tlog
C:\Users\liang\Desktop\SDL_UI\SDL_UI\Debug\link.28568.write.1.tlog
C:\Users\liang\Desktop\SDL_UI\SDL_UI\Debug\link.28568-cvtres.read.1.tlog
C:\Users\liang\Desktop\SDL_UI\SDL_UI\Debug\link.28568-cvtres.write.1.tlog
C:\Users\liang\Desktop\SDL_UI\SDL_UI\Debug\link.28664.read.1.tlog
C:\Users\liang\Desktop\SDL_UI\SDL_UI\Debug\link.28664.write.1.tlog
C:\Users\liang\Desktop\SDL_UI\SDL_UI\Debug\link.28664-cvtres.read.1.tlog
C:\Users\liang\Desktop\SDL_UI\SDL_UI\Debug\link.28664-cvtres.write.1.tlog
C:\Users\liang\Desktop\SDL_UI\SDL_UI\Debug\link.29288.read.1.tlog
C:\Users\liang\Desktop\SDL_UI\SDL_UI\Debug\link.29288.write.1.tlog
C:\Users\liang\Desktop\SDL_UI\SDL_UI\Debug\link.29288-cvtres.read.1.tlog
C:\Users\liang\Desktop\SDL_UI\SDL_UI\Debug\link.29288-cvtres.write.1.tlog
C:\Users\liang\Desktop\SDL_UI\SDL_UI\Debug\link.29540.read.1.tlog
C:\Users\liang\Desktop\SDL_UI\SDL_UI\Debug\link.29540.write.1.tlog
C:\Users\liang\Desktop\SDL_UI\SDL_UI\Debug\link.29540-cvtres.read.1.tlog
C:\Users\liang\Desktop\SDL_UI\SDL_UI\Debug\link.29540-cvtres.write.1.tlog
C:\Users\liang\Desktop\SDL_UI\SDL_UI\Debug\link.29916.read.1.tlog
C:\Users\liang\Desktop\SDL_UI\SDL_UI\Debug\link.29916.write.1.tlog
C:\Users\liang\Desktop\SDL_UI\SDL_UI\Debug\link.29916-cvtres.read.1.tlog
C:\Users\liang\Desktop\SDL_UI\SDL_UI\Debug\link.29916-cvtres.write.1.tlog
C:\Users\liang\Desktop\SDL_UI\SDL_UI\Debug\link.29924.read.1.tlog
C:\Users\liang\Desktop\SDL_UI\SDL_UI\Debug\link.29924.write.1.tlog
C:\Users\liang\Desktop\SDL_UI\SDL_UI\Debug\link.29924-cvtres.read.1.tlog
C:\Users\liang\Desktop\SDL_UI\SDL_UI\Debug\link.29924-cvtres.write.1.tlog
C:\Users\liang\Desktop\SDL_UI\SDL_UI\Debug\link.30388.read.1.tlog
C:\Users\liang\Desktop\SDL_UI\SDL_UI\Debug\link.30388.write.1.tlog
C:\Users\liang\Desktop\SDL_UI\SDL_UI\Debug\link.30388-cvtres.read.1.tlog
C:\Users\liang\Desktop\SDL_UI\SDL_UI\Debug\link.30388-cvtres.write.1.tlog
C:\Users\liang\Desktop\SDL_UI\SDL_UI\Debug\link.30500.read.1.tlog
C:\Users\liang\Desktop\SDL_UI\SDL_UI\Debug\link.30500.write.1.tlog
C:\Users\liang\Desktop\SDL_UI\SDL_UI\Debug\link.30500-cvtres.read.1.tlog
C:\Users\liang\Desktop\SDL_UI\SDL_UI\Debug\link.30500-cvtres.write.1.tlog
C:\Users\liang\Desktop\SDL_UI\SDL_UI\Debug\link.31368.read.1.tlog
C:\Users\liang\Desktop\SDL_UI\SDL_UI\Debug\link.31368.write.1.tlog
C:\Users\liang\Desktop\SDL_UI\SDL_UI\Debug\link.31368-cvtres.read.1.tlog
C:\Users\liang\Desktop\SDL_UI\SDL_UI\Debug\link.31368-cvtres.write.1.tlog
C:\Users\liang\Desktop\SDL_UI\SDL_UI\Debug\link.3848.read.1.tlog
C:\Users\liang\Desktop\SDL_UI\SDL_UI\Debug\link.3848.write.1.tlog
C:\Users\liang\Desktop\SDL_UI\SDL_UI\Debug\link.3848-cvtres.read.1.tlog
C:\Users\liang\Desktop\SDL_UI\SDL_UI\Debug\link.3848-cvtres.write.1.tlog
C:\Users\liang\Desktop\SDL_UI\SDL_UI\Debug\link.5348.read.1.tlog
C:\Users\liang\Desktop\SDL_UI\SDL_UI\Debug\link.5348.write.1.tlog
C:\Users\liang\Desktop\SDL_UI\SDL_UI\Debug\link.5348-cvtres.read.1.tlog
C:\Users\liang\Desktop\SDL_UI\SDL_UI\Debug\link.5348-cvtres.write.1.tlog
C:\Users\liang\Desktop\SDL_UI\SDL_UI\Debug\link.5468.read.1.tlog
C:\Users\liang\Desktop\SDL_UI\SDL_UI\Debug\link.5468.write.1.tlog
C:\Users\liang\Desktop\SDL_UI\SDL_UI\Debug\link.5468-cvtres.read.1.tlog
C:\Users\liang\Desktop\SDL_UI\SDL_UI\Debug\link.5468-cvtres.write.1.tlog
C:\Users\liang\Desktop\SDL_UI\SDL_UI\Debug\link.5928.read.1.tlog
C:\Users\liang\Desktop\SDL_UI\SDL_UI\Debug\link.5928.write.1.tlog
C:\Users\liang\Desktop\SDL_UI\SDL_UI\Debug\link.5928-cvtres.read.1.tlog
C:\Users\liang\Desktop\SDL_UI\SDL_UI\Debug\link.5928-cvtres.write.1.tlog
C:\Users\liang\Desktop\SDL_UI\SDL_UI\Debug\link.6064.read.1.tlog
C:\Users\liang\Desktop\SDL_UI\SDL_UI\Debug\link.6064.write.1.tlog
C:\Users\liang\Desktop\SDL_UI\SDL_UI\Debug\link.6064-cvtres.read.1.tlog
C:\Users\liang\Desktop\SDL_UI\SDL_UI\Debug\link.6064-cvtres.write.1.tlog
C:\Users\liang\Desktop\SDL_UI\SDL_UI\Debug\link.6528.read.1.tlog
C:\Users\liang\Desktop\SDL_UI\SDL_UI\Debug\link.6528.write.1.tlog
C:\Users\liang\Desktop\SDL_UI\SDL_UI\Debug\link.6528-cvtres.read.1.tlog
C:\Users\liang\Desktop\SDL_UI\SDL_UI\Debug\link.6528-cvtres.write.1.tlog
C:\Users\liang\Desktop\SDL_UI\SDL_UI\Debug\link.9180.read.1.tlog
C:\Users\liang\Desktop\SDL_UI\SDL_UI\Debug\link.9180.write.1.tlog
C:\Users\liang\Desktop\SDL_UI\SDL_UI\Debug\link.9180-cvtres.read.1.tlog
C:\Users\liang\Desktop\SDL_UI\SDL_UI\Debug\link.9180-cvtres.write.1.tlog
C:\Users\liang\Desktop\SDL_UI\SDL_UI\Debug\link.command.1.tlog
C:\Users\liang\Desktop\SDL_UI\SDL_UI\Debug\link.read.1.tlog
C:\Users\liang\Desktop\SDL_UI\SDL_UI\Debug\link.write.1.tlog
C:\Users\liang\Desktop\SDL_UI\SDL_UI\Debug\link-cvtres.read.1.tlog
C:\Users\liang\Desktop\SDL_UI\SDL_UI\Debug\link-cvtres.write.1.tlog
C:\USERS\LIANG\DESKTOP\SDL_UI\SDL_UI\DEBUG\LJ_LABLE.OBJ
C:\USERS\LIANG\DESKTOP\SDL_UI\SDL_UI\DEBUG\LJ_OBJECT.OBJ
C:\USERS\LIANG\DESKTOP\SDL_UI\SDL_UI\DEBUG\LJ_VIDEOPLANE.OBJ
C:\USERS\LIANG\DESKTOP\SDL_UI\SDL_UI\DEBUG\LJ_WINDOW.OBJ
C:\USERS\LIANG\DESKTOP\SDL_UI\SDL_UI\DEBUG\MAIN.OBJ
C:\Users\liang\Desktop\SDL_UI\SDL_UI\Debug\mt.command.1.tlog
C:\Users\liang\Desktop\SDL_UI\SDL_UI\Debug\mt.read.1.tlog
C:\Users\liang\Desktop\SDL_UI\SDL_UI\Debug\mt.write.1.tlog
C:\Users\liang\Desktop\SDL_UI\SDL_UI\Debug\rc.command.1.tlog
C:\Users\liang\Desktop\SDL_UI\SDL_UI\Debug\rc.read.1.tlog
C:\Users\liang\Desktop\SDL_UI\SDL_UI\Debug\rc.write.1.tlog
C:\Users\liang\Desktop\SDL_UI\SDL_UI\Debug\SDL_UI.exe.embed.manifest
C:\USERS\LIANG\DESKTOP\SDL_UI\SDL_UI\DEBUG\SDL_UI.EXE.EMBED.MANIFEST.RES
C:\Users\liang\Desktop\SDL_UI\SDL_UI\Debug\SDL_UI.exe.intermediate.manifest
C:\Users\liang\Desktop\SDL_UI\SDL_UI\Debug\SDL_UI.vcxprojResolveAssemblyReference.cache
C:\Users\liang\Desktop\SDL_UI\SDL_UI\Debug\SDL_UI.write.1.tlog
C:\Users\liang\Desktop\SDL_UI\SDL_UI\Debug\SDL_UI_manifest.rc
C:\Users\liang\Desktop\SDL_UI\SDL_UI\Debug\vc100.idb
C:\USERS\LIANG\DESKTOP\SDL_UI\SDL_UI\DEBUG\VC100.PDB
F:\C++ WORKSPACE\SDL_UI\DEBUG\SDL_UI.EXE
F:\C++ WORKSPACE\SDL_UI\DEBUG\SDL_UI.ILK
F:\C++ WORKSPACE\SDL_UI\DEBUG\SDL_UI.PDB
F:\C++ WORKSPACE\SDL_UI\SDL_UI\DEBUG\CODEC.OBJ
F:\C++ WORKSPACE\SDL_UI\SDL_UI\DEBUG\FRAME.OBJ
F:\C++ WORKSPACE\SDL_UI\SDL_UI\DEBUG\FRAMEBUFF.OBJ
F:\C++ WORKSPACE\SDL_UI\SDL_UI\DEBUG\LJ_LABLE.OBJ
F:\C++ WORKSPACE\SDL_UI\SDL_UI\DEBUG\LJ_OBJECT.OBJ
F:\C++ WORKSPACE\SDL_UI\SDL_UI\DEBUG\LJ_VIDEOPLANE.OBJ
F:\C++ WORKSPACE\SDL_UI\SDL_UI\DEBUG\LJ_WINDOW.OBJ
F:\C++ WORKSPACE\SDL_UI\SDL_UI\DEBUG\MAIN.OBJ
F:\C++ WORKSPACE\SDL_UI\SDL_UI\DEBUG\SDL_UI.EXE.EMBED.MANIFEST
F:\C++ WORKSPACE\SDL_UI\SDL_UI\DEBUG\SDL_UI.EXE.EMBED.MANIFEST.RES
F:\C++ WORKSPACE\SDL_UI\SDL_UI\DEBUG\SDL_UI.EXE.INTERMEDIATE.MANIFEST
F:\C++ WORKSPACE\SDL_UI\SDL_UI\DEBUG\VC100.PDB
